#
# There is insufficient memory for the Java Runtime Environment to continue.
# Native memory allocation (malloc) failed to allocate 1048576 bytes for AllocateHeap
# Possible reasons:
#   The system is out of physical RAM or swap space
#   The process is running with CompressedOops enabled, and the Java Heap may be blocking the growth of the native heap
# Possible solutions:
#   Reduce memory load on the system
#   Increase physical memory or swap space
#   Check if swap backing store is full
#   Decrease Java heap size (-Xmx/-Xms)
#   Decrease number of Java threads
#   Decrease Java thread stack sizes (-Xss)
#   Set larger code cache with -XX:ReservedCodeCacheSize=
#   JVM is running with Zero Based Compressed Oops mode in which the Java heap is
#     placed in the first 32GB address space. The Java Heap base address is the
#     maximum limit for the native heap growth. Please use -XX:HeapBaseMinAddress
#     to set the Java Heap base and to place the Java Heap above 32GB virtual address.
# This output file may be truncated or incomplete.
#
#  Out of Memory Error (memory/allocation.inline.hpp:61), pid=20296, tid=0x0000000000005e34
#
# JRE version:  (8.0_242-b01) (build )
# Java VM: OpenJDK 64-Bit Server VM (25.242-b01 mixed mode windows-amd64 compressed oops)
# Failed to write core dump. Minidumps are not enabled by default on client versions of Windows
#

---------------  T H R E A D  ---------------

Current thread (0x000000000247e000):  JavaThread "Unknown thread" [_thread_in_vm, id=24116, stack(0x0000000002350000,0x0000000002450000)]

Stack: [0x0000000002350000,0x0000000002450000]
[error occurred during error reporting (printing stack bounds), id 0xc0000005]

Native frames: (J=compiled Java code, j=interpreted, Vv=VM code, C=native code)


---------------  P R O C E S S  ---------------

Java Threads: ( => current thread )

Other Threads:

=>0x000000000247e000 (exited) JavaThread "Unknown thread" [_thread_in_vm, id=24116, stack(0x0000000002350000,0x0000000002450000)]

VM state:not at safepoint (normal execution)

VM Mutex/Monitor currently owned by a thread: None

heap address: 0x0000000703a00000, size: 3014 MB, Compressed Oops mode: Zero based, Oop shift amount: 3
Narrow klass base: 0x0000000000000000, Narrow klass shift: 3
Compressed class space size: 1073741824 Address: 0x00000007c0000000

Heap:
 PSYoungGen      total 56832K, used 983K [0x0000000781380000, 0x0000000785280000, 0x00000007c0000000)
  eden space 49152K, 2% used [0x0000000781380000,0x0000000781475c38,0x0000000784380000)
  from space 7680K, 0% used [0x0000000784b00000,0x0000000784b00000,0x0000000785280000)
  to   space 7680K, 0% used [0x0000000784380000,0x0000000784380000,0x0000000784b00000)
 ParOldGen       total 130048K, used 0K [0x0000000703a00000, 0x000000070b900000, 0x0000000781380000)
  object space 130048K, 0% used [0x0000000703a00000,0x0000000703a00000,0x000000070b900000)
 Metaspace       used 779K, capacity 4480K, committed 4480K, reserved 1056768K
  class space    used 74K, capacity 384K, committed 384K, reserved 1048576K

Card table byte_map: [0x00000000119f0000,0x0000000011fe0000] byte_map_base: 0x000000000e1d3000

Marking Bits: (ParMarkBitMap*) 0x0000000069aaf030
 Begin Bits: [0x0000000012bd0000, 0x0000000015ae8000)
 End Bits:   [0x0000000015ae8000, 0x0000000018a00000)

Polling page: 0x0000000000b10000

CodeCache: size=245760Kb used=328Kb max_used=328Kb free=245431Kb
 bounds [0x0000000002630000, 0x00000000028a0000, 0x0000000011630000]
 total_blobs=57 nmethods=0 adapters=38
 compilation: enabled

Compilation events (0 events):
No events

GC Heap History (0 events):
No events

Deoptimization events (0 events):
No events

Classes redefined (0 events):
No events

Internal exceptions (0 events):
No events

Events (10 events):
Event: 0.253 loading class java/lang/Short
Event: 0.253 loading class java/lang/Short done
Event: 0.253 loading class java/lang/Integer
Event: 0.253 loading class java/lang/Integer done
Event: 0.253 loading class java/lang/Long
Event: 0.253 loading class java/lang/Long done
Event: 0.254 loading class java/lang/NullPointerException
Event: 0.254 loading class java/lang/NullPointerException done
Event: 0.254 loading class java/lang/ArithmeticException
Event: 0.254 loading class java/lang/ArithmeticException done


Dynamic libraries:
0x00007ff792680000 - 0x00007ff7926b1000 	D:\Apps\AndroidStudio\jre\jre\bin\java.exe
0x00007ff877990000 - 0x00007ff877b86000 	C:\WINDOWS\SYSTEM32\ntdll.dll
0x00007ff877550000 - 0x00007ff87760d000 	C:\WINDOWS\System32\KERNEL32.DLL
0x00007ff8753a0000 - 0x00007ff875669000 	C:\WINDOWS\System32\KERNELBASE.dll
0x00007ff8777c0000 - 0x00007ff87786c000 	C:\WINDOWS\System32\ADVAPI32.dll
0x00007ff875a50000 - 0x00007ff875aee000 	C:\WINDOWS\System32\msvcrt.dll
0x00007ff875d90000 - 0x00007ff875e2c000 	C:\WINDOWS\System32\sechost.dll
0x00007ff876a20000 - 0x00007ff876b4b000 	C:\WINDOWS\System32\RPCRT4.dll
0x00007ff877610000 - 0x00007ff8777b0000 	C:\WINDOWS\System32\USER32.dll
0x00007ff875210000 - 0x00007ff875232000 	C:\WINDOWS\System32\win32u.dll
0x00007ff877920000 - 0x00007ff87794a000 	C:\WINDOWS\System32\GDI32.dll
0x00007ff8750d0000 - 0x00007ff8751d9000 	C:\WINDOWS\System32\gdi32full.dll
0x00007ff875950000 - 0x00007ff8759ed000 	C:\WINDOWS\System32\msvcp_win.dll
0x00007ff875780000 - 0x00007ff875880000 	C:\WINDOWS\System32\ucrtbase.dll
0x00007ff874490000 - 0x00007ff87472b000 	C:\WINDOWS\WinSxS\amd64_microsoft.windows.common-controls_6595b64144ccf1df_6.0.19041.488_none_ca04af081b815d21\COMCTL32.dll
0x00007ff876600000 - 0x00007ff876630000 	C:\WINDOWS\System32\IMM32.DLL
0x00000000686b0000 - 0x0000000068782000 	D:\Apps\AndroidStudio\jre\jre\bin\msvcr100.dll
0x00000000692e0000 - 0x0000000069b2b000 	D:\Apps\AndroidStudio\jre\jre\bin\server\jvm.dll
0x00007ff875d80000 - 0x00007ff875d88000 	C:\WINDOWS\System32\PSAPI.DLL
0x00007ff86cc40000 - 0x00007ff86cc67000 	C:\WINDOWS\SYSTEM32\WINMM.dll
0x00007ff86c5b0000 - 0x00007ff86c5ba000 	C:\WINDOWS\SYSTEM32\VERSION.dll
0x00007ff86f7d0000 - 0x00007ff86f7d9000 	C:\WINDOWS\SYSTEM32\WSOCK32.dll
0x00007ff8767c0000 - 0x00007ff87682b000 	C:\WINDOWS\System32\ws2_32.DLL
0x00007ff86e140000 - 0x00007ff86e14f000 	D:\Apps\AndroidStudio\jre\jre\bin\verify.dll
0x00007ff85cdc0000 - 0x00007ff85cde9000 	D:\Apps\AndroidStudio\jre\jre\bin\java.dll
0x00007ff85e3e0000 - 0x00007ff85e3f6000 	D:\Apps\AndroidStudio\jre\jre\bin\zip.dll

VM Arguments:
java_command: org.jetbrains.git4idea.http.GitAskPassApp Username for 'https://github.com': 
java_class_path (initial): D:/Apps/AndroidStudio/plugins/git4idea/lib/git4idea-rt.jar;D:/Apps/AndroidStudio/lib/xmlrpc-2.0.1.jar;D:/Apps/AndroidStudio/lib/commons-codec-1.14.jar;D:/Apps/AndroidStudio/lib/util.jar
Launcher Type: SUN_STANDARD

Environment Variables:
JAVA_HOME=C:\Program Files\Java\jdk-14.0.2
PATH=C:\Program Files\Git\mingw64\libexec\git-core;C:\Program Files\Git\mingw64\libexec\git-core;C:\Program Files\Git\mingw64\bin;C:\Program Files\Git\usr\bin;C:\Users\Avirup\bin;C:\Python38\Scripts;C:\Python38;D:\Apps\Python\Python38-32\Scripts;D:\Apps\Python\Python38-32;C:\WINDOWS\system32;C:\WINDOWS;C:\WINDOWS\System32\Wbem;C:\WINDOWS\System32\WindowsPowerShell\v1.0;C:\WINDOWS\System32\OpenSSH;D:\Apps\NodeJS;C:\ProgramData\chocolatey\bin;C:\Program Files\dotnet;C:\Program Files\Java\jdk-14.0.2\bin;C:\Program Files\Git\cmd;C:\Program Files\MySQL\MySQL Shell 8.0\bin;D:\Python\Python38-32\Scripts;D:\Python\Python38-32;C:\Users\Avirup\AppData\Local\Microsoft\WindowsApps;D:\Apps\Microsoft VS Code\bin;C:\Users\Avirup\AppData\Roaming\npm
USERNAME=Avirup
DISPLAY=:0.0
OS=Windows_NT
PROCESSOR_IDENTIFIER=Intel64 Family 6 Model 126 Stepping 5, GenuineIntel



---------------  S Y S T E M  ---------------

OS: Windows 10.0 , 64 bit Build 19041 (10.0.19041.662)

CPU:total 8 (initial active 8) (4 cores per cpu, 2 threads per core) family 6 model 126 stepping 5, cmov, cx8, fxsr, mmx, sse, sse2, sse3, ssse3, sse4.1, sse4.2, popcnt, avx, avx2, aes, clmul, erms, 3dnowpref, lzcnt, ht, tsc, tscinvbit, bmi1, bmi2, adx

Memory: 4k page, physical 12344800k(686480k free), swap 27775596k(6196k free)

vm_info: OpenJDK 64-Bit Server VM (25.242-b01) for windows-amd64 JRE (1.8.0_242-release-1644-b01), built by "builder" with MS VC++ 10.0 (VS2010)

time: Sun Dec 27 11:52:46 2020
timezone: India Standard Time
elapsed time: 0 seconds (0d 0h 0m 0s)

